-------------------------------------------------------------------------------
Test set: rockall.rockall.AppTest
-------------------------------------------------------------------------------
Tests run: 3, Failures: 1, Errors: 0, Skipped: 2, Time elapsed: 1.345 s <<< FAILURE! - in rockall.rockall.AppTest
rockall.rockall.AppTest.setup  Time elapsed: 0.766 s  <<< FAILURE!
org.testng.TestNGException: 

Parameter 'browser' is required by BeforeTest on method setup but has not been marked @Optional or defined


