<!DOCTYPE html PUBLIC "-//W3C//DTD XHTML 1.1//EN" "http://www.w3.org/TR/xhtml11/DTD/xhtml11.dtd">
<html xmlns="http://www.w3.org/1999/xhtml"><head><title>TestNG Report</title><style type="text/css">table {margin-bottom:10px;border-collapse:collapse;empty-cells:show}th,td {border:1px solid #009;padding:.25em .5em}th {vertical-align:bottom}td {vertical-align:top}table a {font-weight:bold}.stripe td {background-color: #E6EBF9}.num {text-align:right}.passedodd td {background-color: #3F3}.passedeven td {background-color: #0A0}.skippedodd td {background-color: #DDD}.skippedeven td {background-color: #CCC}.failedodd td,.attn {background-color: #F33}.failedeven td,.stripe .attn {background-color: #D00}.stacktrace {white-space:pre;font-family:monospace}.totop {font-size:85%;text-align:center;border-bottom:2px solid #000}</style></head><body><table><tr><th>Test</th><th># Passed</th><th># Skipped</th><th># Failed</th><th>Time (ms)</th><th>Included Groups</th><th>Excluded Groups</th></tr><tr><th colspan="7">Suite</th></tr><tr><td><a href="#t0">CurrencyConversionTest</a></td><td class="num">2</td><td class="num">0</td><td class="num attn">3</td><td class="num">136,456</td><td></td><td></td></tr></table><table><thead><tr><th>Class</th><th>Method</th><th>Start</th><th>Time (ms)</th></tr></thead><tbody><tr><th colspan="4">Suite</th></tr></tbody><tbody id="t0"><tr><th colspan="4">CurrencyConversionTest &#8212; failed (configuration methods)</th></tr><tr class="failedeven"><td rowspan="1">rockall.rockall.AppTest</td><td><a href="#m0">tearDown</a></td><td rowspan="1">1574628780707</td><td rowspan="1">0</td></tr><tr><th colspan="4">CurrencyConversionTest &#8212; failed</th></tr><tr class="failedeven"><td rowspan="3">rockall.rockall.AppTest</td><td><a href="#m1">testParameterWithXML</a></td><td rowspan="3">1574628760241</td><td rowspan="3">6025</td></tr><tr class="failedeven"><td><a href="#m2">testParameterWithXML</a></td></tr><tr class="failedeven"><td><a href="#m3">testParameterWithXML</a></td></tr><tr><th colspan="4">CurrencyConversionTest &#8212; passed</th></tr><tr class="passedeven"><td rowspan="2">rockall.rockall.AppTest</td><td><a href="#m4">testParameterWithXML</a></td><td rowspan="2">1574628766269</td><td rowspan="2">9053</td></tr><tr class="passedeven"><td><a href="#m5">testParameterWithXML</a></td></tr></tbody></table><h2>CurrencyConversionTest</h2><h3 id="m0">rockall.rockall.AppTest#tearDown</h3><table class="result"><tr><th>Exception</th></tr><tr><td><div class="stacktrace">org.openqa.selenium.remote.UnreachableBrowserException: Error communicating with the remote browser. It may have died.
Build info: version: &apos;3.141.59&apos;, revision: &apos;e82be7d358&apos;, time: &apos;2018-11-14T08:17:03&apos;
System info: host: &apos;DESKTOP-0502D5G&apos;, ip: &apos;192.168.0.104&apos;, os.name: &apos;Windows 10&apos;, os.arch: &apos;amd64&apos;, os.version: &apos;10.0&apos;, java.version: &apos;1.8.0_231&apos;
Driver info: driver.version: RemoteWebDriver
Capabilities {acceptInsecureCerts: false, browserName: chrome, browserVersion: 78.0.3904.108, chrome: {chromedriverVersion: 78.0.3904.105 (60e2d8774a81..., userDataDir: C:\Users\Awani\AppData\Loca...}, goog:chromeOptions: {debuggerAddress: localhost:62652}, javascriptEnabled: true, networkConnectionEnabled: false, pageLoadStrategy: normal, platform: XP, platformName: XP, proxy: Proxy(), setWindowRect: true, strictFileInteractability: false, timeouts: {implicit: 0, pageLoad: 300000, script: 30000}, unhandledPromptBehavior: dismiss and notify}
Session ID: 3ff5b46383603d732376a3507f1d483b
	at org.openqa.selenium.remote.RemoteWebDriver.execute(RemoteWebDriver.java:573)
	at org.openqa.selenium.remote.RemoteWebDriver.execute(RemoteWebDriver.java:609)
	at org.openqa.selenium.remote.RemoteWebDriver.quit(RemoteWebDriver.java:452)
	at rockall.rockall.AppTest.tearDown(AppTest.java:98)
Caused by: java.lang.RuntimeException: java.util.concurrent.TimeoutException
	at org.openqa.selenium.net.UrlChecker.waitUntilUnavailable(UrlChecker.java:145)
	at org.openqa.selenium.remote.service.DriverService.stop(DriverService.java:224)
	at org.openqa.selenium.remote.service.DriverCommandExecutor.execute(DriverCommandExecutor.java:95)
	at org.openqa.selenium.remote.RemoteWebDriver.execute(RemoteWebDriver.java:552)
	... 28 more
Caused by: java.util.concurrent.TimeoutException
	at java.util.concurrent.FutureTask.get(FutureTask.java:205)
	at com.google.common.util.concurrent.SimpleTimeLimiter.callWithTimeout(SimpleTimeLimiter.java:156)
	at org.openqa.selenium.net.UrlChecker.waitUntilUnavailable(UrlChecker.java:115)
	... 31 more
... Removed 25 stack frames</div></td></tr></table><p class="totop"><a href="#summary">back to summary</a></p><h3 id="m1">rockall.rockall.AppTest#testParameterWithXML</h3><table class="result"><tr class="param"><th>Parameter #1</th><th>Parameter #2</th><th>Parameter #3</th></tr><tr class="param stripe"><td>6000000</td><td>INR</td><td>EUR</td></tr><tr><th colspan="3">Exception</th></tr><tr><td colspan="3"><div class="stacktrace">java.lang.AssertionError: expected [true] but found [false]
	at pages.HomePage.validateConversion(HomePage.java:82)
	at rockall.rockall.AppTest.testParameterWithXML(AppTest.java:90)
... Removed 29 stack frames</div></td></tr></table><p class="totop"><a href="#summary">back to summary</a></p><h3 id="m2">rockall.rockall.AppTest#testParameterWithXML</h3><table class="result"><tr class="param"><th>Parameter #1</th><th>Parameter #2</th><th>Parameter #3</th></tr><tr class="param stripe"><td>200</td><td>EUR</td><td>GBP</td></tr><tr><th colspan="3">Exception</th></tr><tr><td colspan="3"><div class="stacktrace">java.lang.AssertionError: expected [true] but found [false]
	at pages.HomePage.validateConversion(HomePage.java:82)
	at rockall.rockall.AppTest.testParameterWithXML(AppTest.java:90)
... Removed 29 stack frames</div></td></tr></table><p class="totop"><a href="#summary">back to summary</a></p><h3 id="m3">rockall.rockall.AppTest#testParameterWithXML</h3><table class="result"><tr class="param"><th>Parameter #1</th><th>Parameter #2</th><th>Parameter #3</th></tr><tr class="param stripe"><td>90000</td><td>EUR</td><td>INR</td></tr><tr><th colspan="3">Exception</th></tr><tr><td colspan="3"><div class="stacktrace">java.lang.AssertionError: expected [true] but found [false]
	at pages.HomePage.validateConversion(HomePage.java:82)
	at rockall.rockall.AppTest.testParameterWithXML(AppTest.java:90)
... Removed 29 stack frames</div></td></tr></table><p class="totop"><a href="#summary">back to summary</a></p><h3 id="m4">rockall.rockall.AppTest#testParameterWithXML</h3><table class="result"><tr class="param"><th>Parameter #1</th><th>Parameter #2</th><th>Parameter #3</th></tr><tr class="param stripe"><td>6684</td><td>EUR</td><td>USD</td></tr></table><p class="totop"><a href="#summary">back to summary</a></p><h3 id="m5">rockall.rockall.AppTest#testParameterWithXML</h3><table class="result"><tr class="param"><th>Parameter #1</th><th>Parameter #2</th><th>Parameter #3</th></tr><tr class="param stripe"><td>85000</td><td>USD</td><td>INR</td></tr></table><p class="totop"><a href="#summary">back to summary</a></p></body></html>